C:\USERS\KOSTA\DOWNLOADS\1차 모니터링 완료_수정 중\RELEASE\CHECKSTATE.OBJ
C:\Users\kosta\Downloads\1차 모니터링 완료_수정 중\Release\cl.command.1.tlog
C:\Users\kosta\Downloads\1차 모니터링 완료_수정 중\Release\CL.read.1.tlog
C:\Users\kosta\Downloads\1차 모니터링 완료_수정 중\Release\CL.write.1.tlog
C:\USERS\KOSTA\DOWNLOADS\1차 모니터링 완료_수정 중\RELEASE\EXTRACTPROCESSNAME.OBJ
C:\USERS\KOSTA\DOWNLOADS\1차 모니터링 완료_수정 중\RELEASE\FILE.OBJ
C:\Users\kosta\Downloads\1차 모니터링 완료_수정 중\Release\link.command.1.tlog
C:\Users\kosta\Downloads\1차 모니터링 완료_수정 중\Release\link.read.1.tlog
C:\Users\kosta\Downloads\1차 모니터링 완료_수정 중\Release\link.write.1.tlog
C:\Users\kosta\Downloads\1차 모니터링 완료_수정 중\Release\mt.command.1.tlog
C:\Users\kosta\Downloads\1차 모니터링 완료_수정 중\Release\mt.read.1.tlog
C:\Users\kosta\Downloads\1차 모니터링 완료_수정 중\Release\mt.write.1.tlog
C:\USERS\KOSTA\DOWNLOADS\1차 모니터링 완료_수정 중\RELEASE\PROCESSCONTROL.OBJ
C:\USERS\KOSTA\DOWNLOADS\1차 모니터링 완료_수정 중\RELEASE\REG.OBJ
C:\USERS\KOSTA\DOWNLOADS\1차 모니터링 완료_수정 중\RELEASE\REGDELETE.OBJ
C:\USERS\KOSTA\DOWNLOADS\1차 모니터링 완료_수정 중\RELEASE\REGFSNOTIFY.EXE
C:\USERS\KOSTA\DOWNLOADS\1차 모니터링 완료_수정 중\RELEASE\REGFSNOTIFY.EXE.INTERMEDIATE.MANIFEST
C:\USERS\KOSTA\DOWNLOADS\1차 모니터링 완료_수정 중\RELEASE\REGFSNOTIFY.OBJ
C:\USERS\KOSTA\DOWNLOADS\1차 모니터링 완료_수정 중\RELEASE\REGFSNOTIFY.PDB
C:\Users\kosta\Downloads\1차 모니터링 완료_수정 중\Release\RegFsNotify.write.1.tlog
C:\USERS\KOSTA\DOWNLOADS\1차 모니터링 완료_수정 중\RELEASE\SETUSER.OBJ
C:\USERS\KOSTA\DOWNLOADS\1차 모니터링 완료_수정 중\RELEASE\VC100.PDB
