C:\Users\kosta\Documents\Pwanda\RegFsNotify\Debug\cl.command.1.tlog
C:\Users\kosta\Documents\Pwanda\RegFsNotify\Debug\CL.read.1.tlog
C:\Users\kosta\Documents\Pwanda\RegFsNotify\Debug\CL.write.1.tlog
C:\USERS\KOSTA\DOCUMENTS\PWANDA\REGFSNOTIFY\DEBUG\EXTRACTPROCESSNAME.OBJ
C:\USERS\KOSTA\DOCUMENTS\PWANDA\REGFSNOTIFY\DEBUG\FILE.OBJ
C:\Users\kosta\Documents\Pwanda\RegFsNotify\Debug\link.9180.read.1.tlog
C:\Users\kosta\Documents\Pwanda\RegFsNotify\Debug\link.9180.write.1.tlog
C:\Users\kosta\Documents\Pwanda\RegFsNotify\Debug\link.9180-cvtres.read.1.tlog
C:\Users\kosta\Documents\Pwanda\RegFsNotify\Debug\link.9180-cvtres.write.1.tlog
C:\Users\kosta\Documents\Pwanda\RegFsNotify\Debug\link.command.1.tlog
C:\Users\kosta\Documents\Pwanda\RegFsNotify\Debug\link.read.1.tlog
C:\Users\kosta\Documents\Pwanda\RegFsNotify\Debug\link.write.1.tlog
C:\Users\kosta\Documents\Pwanda\RegFsNotify\Debug\link-cvtres.read.1.tlog
C:\Users\kosta\Documents\Pwanda\RegFsNotify\Debug\link-cvtres.write.1.tlog
C:\USERS\KOSTA\DOCUMENTS\PWANDA\REGFSNOTIFY\DEBUG\MON.OBJ
C:\Users\kosta\Documents\Pwanda\RegFsNotify\Debug\mt.command.1.tlog
C:\Users\kosta\Documents\Pwanda\RegFsNotify\Debug\mt.read.1.tlog
C:\Users\kosta\Documents\Pwanda\RegFsNotify\Debug\mt.write.1.tlog
C:\Users\kosta\Documents\Pwanda\RegFsNotify\Debug\rc.command.1.tlog
C:\Users\kosta\Documents\Pwanda\RegFsNotify\Debug\rc.read.1.tlog
C:\Users\kosta\Documents\Pwanda\RegFsNotify\Debug\rc.write.1.tlog
C:\USERS\KOSTA\DOCUMENTS\PWANDA\REGFSNOTIFY\DEBUG\REG.OBJ
C:\USERS\KOSTA\DOCUMENTS\PWANDA\REGFSNOTIFY\DEBUG\REGFSNOTIFY.EXE
C:\USERS\KOSTA\DOCUMENTS\PWANDA\REGFSNOTIFY\DEBUG\REGFSNOTIFY.EXE.EMBED.MANIFEST
C:\USERS\KOSTA\DOCUMENTS\PWANDA\REGFSNOTIFY\DEBUG\REGFSNOTIFY.EXE.EMBED.MANIFEST.RES
C:\USERS\KOSTA\DOCUMENTS\PWANDA\REGFSNOTIFY\DEBUG\REGFSNOTIFY.EXE.INTERMEDIATE.MANIFEST
C:\USERS\KOSTA\DOCUMENTS\PWANDA\REGFSNOTIFY\DEBUG\REGFSNOTIFY.ILK
C:\USERS\KOSTA\DOCUMENTS\PWANDA\REGFSNOTIFY\DEBUG\REGFSNOTIFY.OBJ
C:\USERS\KOSTA\DOCUMENTS\PWANDA\REGFSNOTIFY\DEBUG\REGFSNOTIFY.PDB
C:\Users\kosta\Documents\Pwanda\RegFsNotify\Debug\RegFsNotify.vcxprojResolveAssemblyReference.cache
C:\Users\kosta\Documents\Pwanda\RegFsNotify\Debug\RegFsNotify.write.1.tlog
C:\Users\kosta\Documents\Pwanda\RegFsNotify\Debug\RegFsNotify_manifest.rc
C:\Users\kosta\Documents\Pwanda\RegFsNotify\Debug\vc100.idb
C:\USERS\KOSTA\DOCUMENTS\PWANDA\REGFSNOTIFY\DEBUG\VC100.PDB
