빌드 시작: 2016-07-11 오후 1:49:14
     1>2 노드의 "C:\Users\kosta\Documents\Pwanda\RegFsNotify-src\RegFsNotify\RegFsNotify.vcxproj" 프로젝트(build 대상)입니다.
     1>PrepareForBuild:
         "C:\Users\kosta\Documents\Pwanda\RegFsNotify-src\Release\" 디렉터리를 만들고 있습니다.
       InitializeBuildStatus:
         "AlwaysCreate"이(가) 지정되었기 때문에 "Release\RegFsNotify.unsuccessfulbuild"을(를) 만들고 있습니다.
       ClCompile:
         C:\Program Files (x86)\Microsoft Visual Studio 10.0\VC\bin\CL.exe /c /Zi /nologo /W3 /WX- /O2 /Oi /Oy- /GL /D WIN32 /D NDEBUG /D _CONSOLE /D _UNICODE /D UNICODE /Gm- /EHsc /MD /GS /Gy /fp:precise /Zc:wchar_t /Zc:forScope /Fo"Release\\" /Fd"Release\vc100.pdb" /Gd /TP /analyze- /errorReport:prompt file.cpp reg.cpp RegFsNotify.cpp
         file.cpp
     1>file.cpp(156): warning C4018: '<' : signed 또는 unsigned가 일치하지 않습니다.
     1>file.cpp(176): warning C4018: '<' : signed 또는 unsigned가 일치하지 않습니다.
         reg.cpp
     1>reg.cpp(68): warning C4996: 'wcscpy': This function or variable may be unsafe. Consider using wcscpy_s instead. To disable deprecation, use _CRT_SECURE_NO_WARNINGS. See online help for details.
                 C:\Program Files (x86)\Microsoft Visual Studio 10.0\VC\include\string.h(283) : 'wcscpy' 선언을 참조하십시오.
     1>reg.cpp(116): warning C4996: 'wcscat': This function or variable may be unsafe. Consider using wcscat_s instead. To disable deprecation, use _CRT_SECURE_NO_WARNINGS. See online help for details.
                 C:\Program Files (x86)\Microsoft Visual Studio 10.0\VC\include\string.h(276) : 'wcscat' 선언을 참조하십시오.
     1>reg.cpp(117): warning C4996: 'wcscat': This function or variable may be unsafe. Consider using wcscat_s instead. To disable deprecation, use _CRT_SECURE_NO_WARNINGS. See online help for details.
                 C:\Program Files (x86)\Microsoft Visual Studio 10.0\VC\include\string.h(276) : 'wcscat' 선언을 참조하십시오.
         RegFsNotify.cpp
       Link:
         C:\Program Files (x86)\Microsoft Visual Studio 10.0\VC\bin\link.exe /ERRORREPORT:PROMPT /OUT:"C:\Users\kosta\Documents\Pwanda\RegFsNotify-src\Release\RegFsNotify.exe" /INCREMENTAL:NO /NOLOGO kernel32.lib user32.lib gdi32.lib winspool.lib comdlg32.lib advapi32.lib shell32.lib ole32.lib oleaut32.lib uuid.lib odbc32.lib odbccp32.lib /MANIFEST /ManifestFile:"Release\RegFsNotify.exe.intermediate.manifest" /MANIFESTUAC:"level='asInvoker' uiAccess='false'" /DEBUG /PDB:"C:\Users\kosta\Documents\Pwanda\RegFsNotify-src\Release\RegFsNotify.pdb" /SUBSYSTEM:CONSOLE /OPT:REF /OPT:ICF /LTCG /TLBID:1 /DYNAMICBASE /NXCOMPAT /IMPLIB:"C:\Users\kosta\Documents\Pwanda\RegFsNotify-src\Release\RegFsNotify.lib" /MACHINE:X86 Release\file.obj
         Release\reg.obj
         Release\RegFsNotify.obj
         코드를 생성하고 있습니다.
         코드를 생성했습니다.
         RegFsNotify.vcxproj -> C:\Users\kosta\Documents\Pwanda\RegFsNotify-src\Release\RegFsNotify.exe
       Manifest:
         C:\Program Files (x86)\Microsoft SDKs\Windows\v7.0A\bin\mt.exe /nologo /verbose /outputresource:"C:\Users\kosta\Documents\Pwanda\RegFsNotify-src\Release\RegFsNotify.exe;#1" /manifest Release\RegFsNotify.exe.intermediate.manifest
       FinalizeBuildStatus:
         "Release\RegFsNotify.unsuccessfulbuild" 파일을 삭제하고 있습니다.
         "Release\RegFsNotify.lastbuildstate"에 연결(touching)하고 있습니다.
     1>"C:\Users\kosta\Documents\Pwanda\RegFsNotify-src\RegFsNotify\RegFsNotify.vcxproj" 프로젝트를 빌드했습니다(build 대상).

빌드했습니다.

경과 시간: 00:00:09.82
